{
  "RSpec": {
    "coverage": {
      "/Users/Guest/Desktop/twiliotext/app/controllers/application_controller.rb": [
        1,
        null,
        null,
        1,
        null
      ],
      "/Users/Guest/Desktop/twiliotext/app/helpers/application_helper.rb": [
        1,
        null
      ],
      "/Users/Guest/Desktop/twiliotext/app/controllers/frontend_controller.rb": [
        1,
        1,
        null,
        null,
        null
      ],
      "/Users/Guest/Desktop/twiliotext/app/controllers/inbound_messages_controller.rb": [
        1,
        1,
        0,
        null,
        1,
        null,
        null,
        null
      ],
      "/Users/Guest/Desktop/twiliotext/app/controllers/messages_controller.rb": [
        1,
        1,
        1,
        null,
        null,
        1,
        2,
        null,
        null,
        1,
        2,
        2,
        1,
        1,
        null,
        1,
        null,
        null,
        null,
        1,
        0,
        null,
        null,
        1,
        1,
        2,
        null,
        null
      ],
      "/Users/Guest/Desktop/twiliotext/app/models/inbound_message.rb": [
        1,
        1,
        0,
        null,
        null
      ],
      "/Users/Guest/Desktop/twiliotext/app/models/message.rb": [
        1,
        1,
        1,
        null,
        1,
        1,
        2,
        null,
        null,
        null,
        null,
        null,
        null,
        null,
        null,
        null,
        null
      ]
    },
    "timestamp": 1459896947
  }
}
